d:\users\justin\documents\visual studio 2015\projects\aidenlabsalgorithmchallenge\aidenlabsalgorithmchallenge\debug\aidenlabsalgorithmchallenge.pch.codeanalysis
d:\users\justin\documents\visual studio 2015\projects\aidenlabsalgorithmchallenge\aidenlabsalgorithmchallenge\debug\vc140.pdb
d:\users\justin\documents\visual studio 2015\projects\aidenlabsalgorithmchallenge\aidenlabsalgorithmchallenge\debug\vc140.idb
d:\users\justin\documents\visual studio 2015\projects\aidenlabsalgorithmchallenge\aidenlabsalgorithmchallenge\debug\aidenlabsalgorithmchallenge.pch.codeanalysisast
d:\users\justin\documents\visual studio 2015\projects\aidenlabsalgorithmchallenge\aidenlabsalgorithmchallenge\debug\stdafx.nativecodeanalysis.xml
d:\users\justin\documents\visual studio 2015\projects\aidenlabsalgorithmchallenge\aidenlabsalgorithmchallenge\debug\stdafx.obj
d:\users\justin\documents\visual studio 2015\projects\aidenlabsalgorithmchallenge\aidenlabsalgorithmchallenge\debug\aidenlabsalgorithmchallenge.nativecodeanalysis.xml
d:\users\justin\documents\visual studio 2015\projects\aidenlabsalgorithmchallenge\aidenlabsalgorithmchallenge\debug\aidenlabsalgorithmchallenge.obj
d:\users\justin\documents\visual studio 2015\projects\aidenlabsalgorithmchallenge\debug\aidenlabsalgorithmchallenge.ilk
d:\users\justin\documents\visual studio 2015\projects\aidenlabsalgorithmchallenge\debug\aidenlabsalgorithmchallenge.exe
d:\users\justin\documents\visual studio 2015\projects\aidenlabsalgorithmchallenge\debug\aidenlabsalgorithmchallenge.pdb
d:\users\justin\documents\visual studio 2015\projects\aidenlabsalgorithmchallenge\aidenlabsalgorithmchallenge\debug\nativecodeanalysis.read.1.tlog
d:\users\justin\documents\visual studio 2015\projects\aidenlabsalgorithmchallenge\aidenlabsalgorithmchallenge\debug\vc.nativecodeanalysis.all.xml
d:\users\justin\documents\visual studio 2015\projects\aidenlabsalgorithmchallenge\debug\aidenlabsalgorithmchallenge.exe.lastcodeanalysissucceeded
d:\users\justin\documents\visual studio 2015\projects\aidenlabsalgorithmchallenge\aidenlabsalgorithmchallenge\debug\aidenlab.c13be093.tlog\cl.command.1.tlog
d:\users\justin\documents\visual studio 2015\projects\aidenlabsalgorithmchallenge\aidenlabsalgorithmchallenge\debug\aidenlab.c13be093.tlog\cl.read.1.tlog
d:\users\justin\documents\visual studio 2015\projects\aidenlabsalgorithmchallenge\aidenlabsalgorithmchallenge\debug\aidenlab.c13be093.tlog\cl.write.1.tlog
d:\users\justin\documents\visual studio 2015\projects\aidenlabsalgorithmchallenge\aidenlabsalgorithmchallenge\debug\aidenlab.c13be093.tlog\link.command.1.tlog
d:\users\justin\documents\visual studio 2015\projects\aidenlabsalgorithmchallenge\aidenlabsalgorithmchallenge\debug\aidenlab.c13be093.tlog\link.read.1.tlog
d:\users\justin\documents\visual studio 2015\projects\aidenlabsalgorithmchallenge\aidenlabsalgorithmchallenge\debug\aidenlab.c13be093.tlog\link.write.1.tlog
